<?xml version="1.0" encoding="UTF-8"?>
<testsuite xmlns:xsi="http://www.w3.org/2001/XMLSchema-instance" xsi:noNamespaceSchemaLocation="https://maven.apache.org/surefire/maven-surefire-plugin/xsd/surefire-test-report.xsd" name="br.com.zedelivery.microservices.tests.service.PartnerServiceTest" time="0.488" tests="10" errors="0" skipped="0" failures="0">
  <properties>
[...]
</properties>
  <testcase name="testFindCloserPartnerByCoordinatesNOK2" classname="br.com.zedelivery.microservices.tests.service.PartnerServiceTest" time="0.394"/>
  <testcase name="testFindCloserPartnerByCoordinatesOK" classname="br.com.zedelivery.microservices.tests.service.PartnerServiceTest" time="0.066"/>
  <testcase name="testFindCloserPartnerByCoordinatesNOK" classname="br.com.zedelivery.microservices.tests.service.PartnerServiceTest" time="0.001"/>
  <testcase name="testFindCloserPartnerByCoordinatesOK2" classname="br.com.zedelivery.microservices.tests.service.PartnerServiceTest" time="0.004"/>
  <testcase name="testFindAllNOK" classname="br.com.zedelivery.microservices.tests.service.PartnerServiceTest" time="0"/>
  <testcase name="testFindByIdOK" classname="br.com.zedelivery.microservices.tests.service.PartnerServiceTest" time="0.003"/>
  <testcase name="testInsertNOK" classname="br.com.zedelivery.microservices.tests.service.PartnerServiceTest" time="0.002"/>
  <testcase name="testFindByIdNOK" classname="br.com.zedelivery.microservices.tests.service.PartnerServiceTest" time="0.001"/>
  <testcase name="testFindAllOK" classname="br.com.zedelivery.microservices.tests.service.PartnerServiceTest" time="0.007"/>
  <testcase name="testInsertOK" classname="br.com.zedelivery.microservices.tests.service.PartnerServiceTest" time="0.002"/>
</testsuite>